<?xml version="1.0" encoding="UTF-8"?>
<!-- Generated by org.testng.reporters.JUnitReportReporter -->
<testsuite hostname="Sunil" failures="0" tests="1" name="com.netBanking.testCases.extent_Demo" time="19.859" errors="0" timestamp="2024-02-23T21:27:34 IST" skipped="0">
  <testcase classname="com.netBanking.testCases.extent_Demo" name="login" time="19.859"/>
  <system-out/>
</testsuite> <!-- com.netBanking.testCases.extent_Demo -->
