<?xml version="1.0" encoding="UTF-8"?>
<!-- Generated by org.testng.reporters.JUnitReportReporter -->
<testsuite hostname="Sunil" failures="0" tests="1" name="com.netBanking.testCases.TC_LoginDDT_002" time="18.395" errors="0" timestamp="2024-02-26T00:50:40 IST" skipped="0">
  <testcase classname="com.netBanking.testCases.TC_LoginDDT_002" name="loginDDT" time="18.395"/>
  <system-out/>
</testsuite> <!-- com.netBanking.testCases.TC_LoginDDT_002 -->
