<?xml version="1.0" encoding="UTF-8"?>
<!-- Generated by org.testng.reporters.JUnitReportReporter -->
<testsuite hostname="Sunil" failures="0" tests="1" name="com.netBanking.testCases.TC_LoginTest_001" time="6.064" errors="0" timestamp="2024-02-29T01:43:11 IST" skipped="0">
  <testcase classname="com.netBanking.testCases.TC_LoginTest_001" name="loginTest" time="6.064"/>
  <system-out/>
</testsuite> <!-- com.netBanking.testCases.TC_LoginTest_001 -->
